<?xml version="1.0" encoding="UTF-8"?>
<!-- Generated by org.testng.reporters.JUnitXMLReporter -->
<testsuite hostname="LAPTOP-P3L4QPAL" ignored="0" name="Default test" tests="3" failures="0" timestamp="2021-02-20T14:07:16 PST" time="24.169" errors="0">
  <testcase name="loginPageTitleTest" time="0.06" classname="com.crm.qa.testdata.LoginPageTest"/>
  <testcase name="crmLogoImageTest" time="0.132" classname="com.crm.qa.testdata.LoginPageTest"/>
  <testcase name="loginTest" time="2.115" classname="com.crm.qa.testdata.LoginPageTest"/>
</testsuite> <!-- Default test -->
