<?xml version="1.0" encoding="UTF-8"?>
<!-- Generated by org.testng.reporters.JUnitXMLReporter -->
<testsuite hostname="LAPTOP-P3L4QPAL" ignored="0" name="Different testNg Feature Test" tests="22" failures="0" timestamp="2021-01-24T21:19:44 PST" time="34.249" errors="0">
  <testcase name="test1" time="0.005" classname="com.test.ExceptionTimeOutTest"/>
  <testcase name="googleTitleTest" time="0.011" classname="com.test.GoogleTest"/>
  <testcase name="googleLogoTest" time="0.087" classname="com.test.GoogleTest"/>
  <testcase name="mailLinkTest" time="0.062" classname="com.test.GoogleTest"/>
  <testcase name="googleTitleTest" time="0.013" classname="com.test.GoogleTitleTest"/>
  <testcase name="googleLogoTest" time="0.065" classname="com.test.GoogleTitleTest"/>
  <testcase name="sum" time="0.001" classname="com.test.InvocationCountTest"/>
  <testcase name="sum" time="0.002" classname="com.test.InvocationCountTest"/>
  <testcase name="sum" time="0.001" classname="com.test.InvocationCountTest"/>
  <testcase name="sum" time="0.0" classname="com.test.InvocationCountTest"/>
  <testcase name="sum" time="0.001" classname="com.test.InvocationCountTest"/>
  <testcase name="sum" time="0.001" classname="com.test.InvocationCountTest"/>
  <testcase name="sum" time="0.002" classname="com.test.InvocationCountTest"/>
  <testcase name="sum" time="0.001" classname="com.test.InvocationCountTest"/>
  <testcase name="sum" time="0.002" classname="com.test.InvocationCountTest"/>
  <testcase name="sum" time="0.002" classname="com.test.InvocationCountTest"/>
  <testcase name="GoogleTitleTest" time="0.002" classname="com.test.TestNgBasics"/>
  <testcase name="searchTest" time="0.001" classname="com.test.TestNgBasics"/>
  <testcase name="logintest" time="0.0" classname="com.test.TestNgFeatures"/>
  <testcase name="HomePageTest" time="0.002" classname="com.test.TestNgFeatures"/>
  <testcase name="RegPageTest" time="0.0" classname="com.test.TestNgFeatures"/>
  <testcase name="SearchPageTest" time="0.001" classname="com.test.TestNgFeatures"/>
</testsuite> <!-- Different testNg Feature Test -->
