<?xml version="1.0" encoding="UTF-8"?>
<testng-results skipped="0" failed="0" ignored="0" total="1" passed="1">
  <reporter-output>
  </reporter-output>
  <suite name="Yahoo App Test Automation Suite" duration-ms="8524" started-at="2021-01-25T14:13:50 PST" finished-at="2021-01-25T14:13:58 PST">
    <groups>
    </groups>
    <test name="Yahoo App Test" duration-ms="8524" started-at="2021-01-25T14:13:50 PST" finished-at="2021-01-25T14:13:58 PST">
      <class name="com.parameters.ParameterTest">
        <test-method status="PASS" signature="yahooLoginTest(java.lang.String, java.lang.String, java.lang.String, java.lang.String)[pri:0, instance:com.parameters.ParameterTest@2698dc7]" name="yahooLoginTest" duration-ms="8484" started-at="2021-01-25T14:13:50 PST" finished-at="2021-01-25T14:13:58 PST">
          <params>
            <param index="0">
              <value>
                <![CDATA[QA]]>
              </value>
            </param>
            <param index="1">
              <value>
                <![CDATA[chrome]]>
              </value>
            </param>
            <param index="2">
              <value>
                <![CDATA[https://login.yahoo.com/]]>
              </value>
            </param>
            <param index="3">
              <value>
                <![CDATA[preeti1_sharma@yahoo.com]]>
              </value>
            </param>
          </params>
          <reporter-output>
          </reporter-output>
        </test-method> <!-- yahooLoginTest -->
      </class> <!-- com.parameters.ParameterTest -->
    </test> <!-- Yahoo App Test -->
  </suite> <!-- Yahoo App Test Automation Suite -->
</testng-results>
